File2                                              
File                                               
File                                               
File                                               
File                                               
File                                               
File                                               
File                                               
File                                               
File                                               
File                                               
File                                               
File                                               
File                                               
File                                               
File                                               
File                                               
File                                               
File                                               
File                                               
File                                               
File                                               
File                                               
File                                               
File                                               
File                                               
File                                               
File                                               
File                                               
File                                               
File                                               
File                                               
File                                               
File                                               
File                                               
File                                               
File                                               
File                                               
File                                               
File                                               
File                                               
File                                               
File                                               
File                                               
File                                               
File                                               
File2                                              
File                                               
File                                               
File                                               
File                                               
File                                               
File                                               
File                                               
File                                               
File                                               
File                                               
File                                               
File                                               
File                                               
File                                               
File                                               
File                                               
File                                               
File                                               
File                                               
File                                               
File                                               
File                                               
File                                               
File                                               
File                                               
File                                               
File                                               
File                                               
File                                               
File                                               
File                                               
File                                               
File                                               
File                                               
File                                               
File                                               
File                                               
File                                               
File                                               
File                                               
File                                               
File                                               
File                                               
File2                                              
File                                               
File                                               
File                                               
File                                               
File                                               
File                                               
File                                               
File                                               
File                                               
File                                               
File                                               
File                                               
File                                               
File                                               
File                                               
File                                               
File                                               
File                                               
File                                               
File                                               
File                                               
File                                               
File                                               
File                                               
File                                               
File                                               
File                                               
File                                               
File                                               
File                                               
File                                               
File                                               
File                                               
File                                               
File                                               
File                                               
File                                               
File                                               
File                                               
File                                               
File                                               
File                                               
File2                                              
File                                               
File                                               
File                                               
File                                               
File                                               
File                                               
File                                               
File                                               
File                                               
File                                               
File                                               
File                                               
File                                               
File                                               
File                                               
File                                               
File                                               
File                                               
File                                               
File                                               
File                                               
File                                               
File                                               
File                                               
File                                               
File                                               
File                                               
File                                               
File                                               
File                                               
File                                               
File                                               
File                                               
File                                               
File                                               
File                                               
File                                               
File                                               
File                                               
File                                               
File                                               
File2                                              
File                                               
File                                               
File                                               
File                                               
File                                               
File                                               
File                                               
File                                               
File                                               
File                                               
File                                               
File                                               
File                                               
File                                               
File                                               
File                                               
File                                               
File                                               
File                                               
File                                               
File                                               
File                                               
File                                               
File                                               
File                                               
File                                               
File                                               
File                                               
File                                               
File                                               
File                                               
File                                               
File                                               
File                                               
File                                               
File                                               
File                                               
File                                               
File                                               
File                                               
File2                                              
File                                               
File                                               
File                                               
File                                               
File                                               
File                                               
File                                               
File                                               
File                                               
File                                               
File                                               
File                                               
File                                               
File                                               
File                                               
File                                               
File                                               
File                                               
File                                               
File                                               
File                                               
File                                               
File                                               
File                                               
File                                               
File                                               
File                                               
File                                               
File                                               
File                                               
File                                               
File                                               
File                                               
File                                               
File                                               
File                                               
File                                               
File2                                              
File                                               
File                                               
File                                               
File                                               
File                                               
File                                               
File                                               
File                                               
File                                               
File                                               
File                                               
File                                               
File                                               
File                                               
File                                               
File                                               
File                                               
File                                               
File                                               
File                                               
File                                               
File                                               
File                                               
File                                               
File                                               
File                                               
File                                               
File                                               
File                                               
File                                               
File                                               
File                                               
File                                               
File                                               
File2                                              
File                                               
File                                               
File                                               
File                                               
File                                               
File                                               
File                                               
File                                               
File                                               
File                                               
File                                               
File                                               
File                                               
File                                               
File                                               
File                                               
File                                               
File                                               
File                                               
File                                               
File                                               
File                                               
File                                               
File                                               
File                                               
File                                               
File                                               
File                                               
File                                               
File                                               
File                                               
File                                               
File2                                              
File                                               
File                                               
File                                               
File                                               
File                                               
File                                               
File                                               
File2                                              
File                                               
File                                               
File                                               
File                                               
File                                               
File2                                              
File                                               
File                                               
File                                               
File                                               
/home/ezequiel/Escritorio/GIT/sisop-apl-1/APL 2/Ejercicio 3/Origen/Archivo1.txt                     
/home/ezequiel/Escritorio/GIT/sisop-apl-1/APL 2/Ejercicio 3/Origen/Archivo2.txt                     
/home/ezequiel/Escritorio/GIT/sisop-apl-1/APL 2/Ejercicio 3/Origen/Sub 1 directorio1/Archivo1.txt                     

/home/ezequiel/Escritorio/GIT/sisop-apl-1/APL 2/Ejercicio 3/Origen/RelatoDiego.txt                     
/home/ezequiel/Escritorio/GIT/sisop-apl-1/APL 2/Ejercicio 3/Origen/Sub 1 directorio1/Archivo8.txt                     
/home/ezequiel/Escritorio/GIT/sisop-apl-1/APL 2/Ejercicio 3/Origen/Sub1directorio2/Archivo7.txt                     
/home/ezequiel/Escritorio/GIT/sisop-apl-1/APL 2/Ejercicio 3/Origen/Sub1directorio2/Sub2directorio1/Archivo6.txt                     

/home/ezequiel/Escritorio/GIT/sisop-apl-1/APL 2/Ejercicio 3/Origen/OS/Firefox                     
/home/ezequiel/Escritorio/GIT/sisop-apl-1/APL 2/Ejercicio 3/Origen/OS/No es Chrome F                     
/home/ezequiel/Escritorio/GIT/sisop-apl-1/APL 2/Ejercicio 3/Origen/OS/Sistemas/NavegadorF                     
/home/ezequiel/Escritorio/GIT/sisop-apl-1/APL 2/Ejercicio 3/Origen/OS/Sistemas/2020/Mozilla F                     
/home/ezequiel/Escritorio/GIT/sisop-apl-1/APL 2/Ejercicio 3/Origen/OS/Sistemas/2020/Zorro de fuego F                     
/home/ezequiel/Escritorio/GIT/sisop-apl-1/APL 2/Ejercicio 3/Origen/OS/Sistemas/2021/Firefox                     
/home/ezequiel/Escritorio/GIT/sisop-apl-1/APL 2/Ejercicio 3/Origen/OS/Sistemas/2021/Mozilla F                     
/home/ezequiel/Escritorio/GIT/sisop-apl-1/APL 2/Ejercicio 3/Origen/OS/Sistemas/2021/Zorro de fuego F                     

/home/ezequiel/Escritorio/GIT/sisop-apl-1/APL 2/Ejercicio 3/Origen/OS/IOS.tt.ass.q                     
/home/ezequiel/Escritorio/GIT/sisop-apl-1/APL 2/Ejercicio 3/Origen/OS/Sistemas/Apple I                     
/home/ezequiel/Escritorio/GIT/sisop-apl-1/APL 2/Ejercicio 3/Origen/OS/Sistemas/Iphone                     
/home/ezequiel/Escritorio/GIT/sisop-apl-1/APL 2/Ejercicio 3/Origen/OS/Sistemas/2020/Ipod                     
/home/ezequiel/Escritorio/GIT/sisop-apl-1/APL 2/Ejercicio 3/Origen/OS/Sistemas/2020/Manzanita OS                     
/home/ezequiel/Escritorio/GIT/sisop-apl-1/APL 2/Ejercicio 3/Origen/OS/Sistemas/2020/Steve Jobs I                     
/home/ezequiel/Escritorio/GIT/sisop-apl-1/APL 2/Ejercicio 3/Origen/OS/Sistemas/2021/Apple I                     
/home/ezequiel/Escritorio/GIT/sisop-apl-1/APL 2/Ejercicio 3/Origen/OS/Sistemas/2021/Ipod                     

/home/ezequiel/Escritorio/GIT/sisop-apl-1/APL 2/Ejercicio 3/Origen/OS/Jelly Bean                     
/home/ezequiel/Escritorio/GIT/sisop-apl-1/APL 2/Ejercicio 3/Origen/OS/Lollipop A                     
/home/ezequiel/Escritorio/GIT/sisop-apl-1/APL 2/Ejercicio 3/Origen/OS/Sistemas/2020/Android                     
/home/ezequiel/Escritorio/GIT/sisop-apl-1/APL 2/Ejercicio 3/Origen/OS/Sistemas/2020/GoogleA                     
/home/ezequiel/Escritorio/GIT/sisop-apl-1/APL 2/Ejercicio 3/Origen/OS/Sistemas/2020/Oreo A                     
/home/ezequiel/Escritorio/GIT/sisop-apl-1/APL 2/Ejercicio 3/Origen/OS/Sistemas/2020/Robot A                     
/home/ezequiel/Escritorio/GIT/sisop-apl-1/APL 2/Ejercicio 3/Origen/OS/Sistemas/2021/Oreo A                     

/home/ezequiel/Escritorio/GIT/sisop-apl-1/APL 2/Ejercicio 3/Origen/OS/Sistemas/Mobile OS                     
/home/ezequiel/Escritorio/GIT/sisop-apl-1/APL 2/Ejercicio 3/Origen/OS/Sistemas/Sistemas Operativos Moviles                     
/home/ezequiel/Escritorio/GIT/sisop-apl-1/APL 2/Ejercicio 3/Origen/OS/Sistemas/2021/Sistemas Operativos Moviles                     

/home/ezequiel/Escritorio/GIT/sisop-apl-1/APL 2/Ejercicio 3/Origen/OS/Sistemas/Paul Allen                     
/home/ezequiel/Escritorio/GIT/sisop-apl-1/APL 2/Ejercicio 3/Origen/OS/Sistemas/Windows phone                     
/home/ezequiel/Escritorio/GIT/sisop-apl-1/APL 2/Ejercicio 3/Origen/OS/Sistemas/2020/BIll Gates                     
/home/ezequiel/Escritorio/GIT/sisop-apl-1/APL 2/Ejercicio 3/Origen/OS/Sistemas/2020/Ventana OS                     
/home/ezequiel/Escritorio/GIT/sisop-apl-1/APL 2/Ejercicio 3/Origen/OS/Sistemas/2021/Paul Allen                     
/home/ezequiel/Escritorio/GIT/sisop-apl-1/APL 2/Ejercicio 3/Origen/OS/Sistemas/2021/Ventana OS                     

/home/ezequiel/Escritorio/GIT/sisop-apl-1/APL 2/Ejercicio 3/Origen/Sub 1 directorio1/ArchivoCancion.txt                     
/home/ezequiel/Escritorio/GIT/sisop-apl-1/APL 2/Ejercicio 3/Origen/Sub1 directorio 4/Sub 2 directorio 1/Sub3Directorio1/Lyrics.txt                     

/home/ezequiel/Escritorio/GIT/sisop-apl-1/APL 2/Ejercicio 3/Origen/Sub1directorio2/Archivo4.txt                     
/home/ezequiel/Escritorio/GIT/sisop-apl-1/APL 2/Ejercicio 3/Origen/Sub1directorio2/Sub2directorio1/Archivo5.txt                     
/home/ezequiel/Escritorio/GIT/sisop-apl-1/APL 2/Ejercicio 3/Origen/Sub1directorio3/Archivo5.txt                     

