Estoy en el for por procesar el archivo: . 
Estoy en el for por procesar el archivo: .. 
Estoy en el for por procesar el archivo: faa.txt 
Estoy en crear y mover: faa.txt 
Estoy en el for por procesar el archivo: fii.txt 
Estoy en crear y mover: fii.txt 
Estoy en el for por procesar el archivo: foo.txt 
Estoy en crear y mover: foo.txt 
Estoy en el for por procesar el archivo: fuuu 
Estoy en crear y mover: fuuu 
mv: 'Descargas/fuuu' and 'Descargas/fuuu' are the same file
Estoy en el for por procesar el archivo: .gitignore 
Estoy en crear y mover: .gitignore 
mv: 'Descargas/.gitignore' and 'Descargas/.gitignore' are the same file
Estoy en el for por procesar el archivo: .gitignore.txt 
Estoy en crear y mover: .gitignore.txt 
Estoy en el for por procesar el archivo: h ola . 
Estoy en crear y mover: h ola . 
mv: 'Descargas/h ola .' and 'Descargas/h ola .' are the same file
Estoy en el for por procesar el archivo: ho la 
Estoy en crear y mover: ho la 
mv: 'Descargas/ho la' and 'Descargas/ho la' are the same file
Estoy en el for por procesar el archivo: h o l a . rzq 
Estoy en crear y mover: h o l a . rzq 
Estoy en el for por procesar el archivo: loo.bin 
Estoy en crear y mover: loo.bin 
Estoy en el for por procesar el archivo: nohup.out 
Estoy en crear y mover: nohup.out 
Estoy en el for por procesar el archivo: . 
Estoy en el for por procesar el archivo: .. 
Estoy en el for por procesar el archivo: BIN 
Estoy en crear y mover: BIN 
mv: 'Descargas/BIN' and 'Descargas/BIN' are the same file
Estoy en el for por procesar el archivo: fuuu 
Estoy en crear y mover: fuuu 
mv: 'Descargas/fuuu' and 'Descargas/fuuu' are the same file
Estoy en el for por procesar el archivo: .gitignore 
Estoy en crear y mover: .gitignore 
mv: 'Descargas/.gitignore' and 'Descargas/.gitignore' are the same file
Estoy en el for por procesar el archivo: h ola . 
Estoy en crear y mover: h ola . 
mv: 'Descargas/h ola .' and 'Descargas/h ola .' are the same file
Estoy en el for por procesar el archivo: ho la 
Estoy en crear y mover: ho la 
mv: 'Descargas/ho la' and 'Descargas/ho la' are the same file
Estoy en el for por procesar el archivo: OUT 
Estoy en crear y mover: OUT 
mv: 'Descargas/OUT' and 'Descargas/OUT' are the same file
Estoy en el for por procesar el archivo:  RZQ 
Estoy en crear y mover:  RZQ 
mv: 'Descargas/ RZQ' and 'Descargas/ RZQ' are the same file
Estoy en el for por procesar el archivo: TXT 
Estoy en crear y mover: TXT 
mv: 'Descargas/TXT' and 'Descargas/TXT' are the same file
